Arguments: 
  C:\Program Files (x86)\Nodist\v-x64\6.9.1\node.exe C:\Program Files (x86)\Yarn\bin\yarn.js

PATH: 
  C:\Program Files\Docker\Docker\Resources\bin;C:\Program Files (x86)\NVIDIA Corporation\PhysX\Common;C:\ProgramData\Oracle\Java\javapath;C:\WINDOWS\system32;C:\WINDOWS;C:\WINDOWS\System32\Wbem;C:\WINDOWS\System32\WindowsPowerShell\v1.0\;C:\Program Files (x86)\sbt\bin;C:\Program Files\Java\jdk1.8.0_92\bin;C:\tools\Gradle\bin;C:\Users\olivi\.dnx\bin;C:\Program Files\Microsoft DNX\Dnvm\;C:\Program Files\Microsoft SQL Server\130\Tools\Binn\;C:\WINDOWS\system32;C:\WINDOWS;C:\WINDOWS\System32\Wbem;C:\WINDOWS\System32\WindowsPowerShell\v1.0\;C:\Program Files (x86)\Heroku\bin;C:\Program Files (x86)\git\cmd;C:\Program Files (x86)\Nodist\bin;C:\Program Files\Git\cmd;C:\Program Files (x86)\Yarn\bin;C:\ProgramData\chocolatey\bin;C:\tools\apache-maven-3.3.3\bin;C:\Users\olivi\AppData\Local\Microsoft\WindowsApps;C:\tools\apache-maven-3.3.9\bin;C:\Users\olivi\AppData\Local\Yarn\.bin

Yarn version: 
  0.16.1

Node version: 
  6.9.1

Platform: 
  win32 x64

npm manifest: 
  {
    "name": "ljcp",
    "version": "0.0.0",
    "license": "MIT",
    "angular-cli": {},
    "scripts": {
      "start": "ng serve",
      "lint": "tslint \"src/**/*.ts\"",
      "test": "ng test",
      "pree2e": "webdriver-manager update",
      "e2e": "protractor"
    },
    "private": true,
    "dependencies": {
      "@angular/common": "~2.2.0",
      "@angular/compiler": "~2.2.0",
      "@angular/core": "~2.2.0",
      "@angular/forms": "~2.2.0",
      "@angular/http": "~2.2.0",
      "@angular/platform-browser": "~2.2.0",
      "@angular/platform-browser-dynamic": "~2.2.0",
      "@angular/router": "~3.2.0",
      "core-js": "^2.4.1",
      "rxjs": "5.0.0-beta.12",
      "ts-helpers": "~1.1.1",
      "zone.js": "~0.6.26"
    },
    "devDependencies": {
      "@angular/compiler-cli": "~2.2.0",
      "@types/jasmine": "~2.5.38",
      "@types/node": "~6.0.48",
      "angular-cli": "1.0.0-beta.20-4",
      "codelyzer": "~1.0.0-beta.4",
      "jasmine-core": "2.5.2",
      "jasmine-spec-reporter": "2.7.0",
      "karma": "1.3.0",
      "karma-chrome-launcher": "^2.0.0",
      "karma-cli": "^1.0.1",
      "karma-jasmine": "^1.0.2",
      "karma-phantomjs-launcher": "^1.0.2",
      "karma-remap-istanbul": "^0.2.1",
      "protractor": "4.0.11",
      "ts-node": "1.7.0",
      "tslint": "3.15.1",
      "typescript": "~2.0.10",
      "webdriver-manager": "10.2.8"
    }
  }

yarn manifest: 
  No manifest

bower manifest: 
  No manifest

Lockfile: 
  No lockfile

Trace: 
  Error: ENOENT: no such file or directory, open 'C:\Users\olivi\Projects\ljcp\node_modules\@types\jasmine\index.d.ts'
      at Error (native)
